0 info it worked if it ends with ok
1 verbose cli [ '/usr/local/bin/node', '/usr/local/bin/npm', 'start' ]
2 info using npm@4.0.5
3 info using node@v7.4.0
4 verbose run-script [ 'prestart', 'start', 'poststart' ]
5 info lifecycle justinzzy.github.io@0.0.1~prestart: justinzzy.github.io@0.0.1
6 silly lifecycle justinzzy.github.io@0.0.1~prestart: no script for prestart, continuing
7 info lifecycle justinzzy.github.io@0.0.1~start: justinzzy.github.io@0.0.1
8 verbose lifecycle justinzzy.github.io@0.0.1~start: unsafe-perm in lifecycle true
9 verbose lifecycle justinzzy.github.io@0.0.1~start: PATH: /usr/local/lib/node_modules/npm/bin/node-gyp-bin:/Users/justin/Workspace/github/justinzzy.github.io/node_modules/.bin:/Users/justin/.rvm/gems/ruby-2.4.1/bin:/Users/justin/.rvm/gems/ruby-2.4.1@global/bin:/Users/justin/.rvm/rubies/ruby-2.4.1/bin:/Users/justin/.sdkman/candidates/grails/current/bin:/Users/justin/.sdkman/candidates/gradle/current/bin:/Users/justin/.rvm/bin:/Users/justin/Documents/developer/tools/vault-cli-2.4.40/bin:/Users/justin/Documents/File/CMS_V3/liquibase-3.4.2-bin:/Applications/Postgres.app/Contents/Versions/9.3/bin:/Users/justin/Documents/File/CMS_V3/OpenDS-2.2.1/bin:/Users/justin/Documents/developer/tools/activator-dist-1.3.12/bin:/Users/justin/Library/Android/sdk/platform-tools:/opt/apache-maven-3.3.9/bin:/Library/Java/JavaVirtualMachines/jdk1.7.0_79.jdk/Contents/Home:/usr/local/bin:/usr/bin:/bin:/usr/sbin:/sbin:/Users/justin/.rvm/bin
10 verbose lifecycle justinzzy.github.io@0.0.1~start: CWD: /Users/justin/Workspace/github/justinzzy.github.io
11 silly lifecycle justinzzy.github.io@0.0.1~start: Args: [ '-c', 'gulp watch' ]
12 silly lifecycle justinzzy.github.io@0.0.1~start: Returned: code: 1  signal: null
13 info lifecycle justinzzy.github.io@0.0.1~start: Failed to exec start script
14 verbose stack Error: justinzzy.github.io@0.0.1 start: `gulp watch`
14 verbose stack Exit status 1
14 verbose stack     at EventEmitter.<anonymous> (/usr/local/lib/node_modules/npm/lib/utils/lifecycle.js:279:16)
14 verbose stack     at emitTwo (events.js:106:13)
14 verbose stack     at EventEmitter.emit (events.js:191:7)
14 verbose stack     at ChildProcess.<anonymous> (/usr/local/lib/node_modules/npm/lib/utils/spawn.js:40:14)
14 verbose stack     at emitTwo (events.js:106:13)
14 verbose stack     at ChildProcess.emit (events.js:191:7)
14 verbose stack     at maybeClose (internal/child_process.js:885:16)
14 verbose stack     at Process.ChildProcess._handle.onexit (internal/child_process.js:226:5)
15 verbose pkgid justinzzy.github.io@0.0.1
16 verbose cwd /Users/justin/Workspace/github/justinzzy.github.io
17 error Darwin 16.5.0
18 error argv "/usr/local/bin/node" "/usr/local/bin/npm" "start"
19 error node v7.4.0
20 error npm  v4.0.5
21 error code ELIFECYCLE
22 error justinzzy.github.io@0.0.1 start: `gulp watch`
22 error Exit status 1
23 error Failed at the justinzzy.github.io@0.0.1 start script 'gulp watch'.
23 error Make sure you have the latest version of node.js and npm installed.
23 error If you do, this is most likely a problem with the justinzzy.github.io package,
23 error not with npm itself.
23 error Tell the author that this fails on your system:
23 error     gulp watch
23 error You can get information on how to open an issue for this project with:
23 error     npm bugs justinzzy.github.io
23 error Or if that isn't available, you can get their info via:
23 error     npm owner ls justinzzy.github.io
23 error There is likely additional logging output above.
24 verbose exit [ 1, true ]
